<?xml version="1.0" encoding="UTF-8"?>
<!-- Generated by org.testng.reporters.JUnitXMLReporter -->
<testsuite ignored="0" hostname="DESKTOP-FP4L327" failures="1" tests="1" name="Test(failed)" time="24.621" errors="0" timestamp="2025-06-22T21:24:11 IST">
  <testcase classname="testCases.TestCase_02_Propertiesfile" name="login_TestCase" time="12.577">
    <failure type="java.lang.AssertionError" message="Login fail expected [true] but found [false]">
      <![CDATA[java.lang.AssertionError: Login fail expected [true] but found [false]
at testCases.TestCase_02_Propertiesfile.login_TestCase(TestCase_02_Propertiesfile.java:34)
at java.base/java.util.ArrayList.forEach(ArrayList.java:1596)
... Removed 31 stack frames]]>
    </failure>
  </testcase> <!-- login_TestCase -->
</testsuite> <!-- Test(failed) -->
