<?xml version="1.0" encoding="UTF-8"?>
<!-- Generated by org.testng.reporters.JUnitXMLReporter -->
<testsuite ignored="0" hostname="DESKTOP-FP4L327" failures="1" tests="2" name="Test" time="58.405" errors="0" timestamp="2026-02-18T21:16:42 IST">
  <testcase classname="testCases.TestCase_01" name="Registration_TestCase" time="9.082"/>
  <testcase classname="testCases.TestCase_02_Propertiesfile" name="login_TestCase" time="11.308">
    <failure type="java.lang.AssertionError" message="Login fail expected [true] but found [false]">
      <![CDATA[java.lang.AssertionError: Login fail expected [true] but found [false]
at testCases.TestCase_02_Propertiesfile.login_TestCase(TestCase_02_Propertiesfile.java:34)
at java.base/java.util.ArrayList.forEach(ArrayList.java:1596)
... Removed 31 stack frames]]>
    </failure>
  </testcase> <!-- login_TestCase -->
</testsuite> <!-- Test -->
