<?xml version="1.0" encoding="UTF-8"?>
<!-- Generated by org.testng.reporters.JUnitXMLReporter -->
<testsuite ignored="0" hostname="DESKTOP-FP4L327" failures="1" tests="7" name="Test" time="94.751" errors="0" timestamp="2026-02-21T13:45:39 IST">
  <testcase classname="testCases.TestCase_01" name="Registration_TestCase" time="5.177"/>
  <testcase classname="testCases.TestCase_02_Propertiesfile" name="login_TestCase" time="11.428">
    <failure type="java.lang.AssertionError" message="Login fail expected [true] but found [false]">
      <![CDATA[java.lang.AssertionError: Login fail expected [true] but found [false]
at testCases.TestCase_02_Propertiesfile.login_TestCase(TestCase_02_Propertiesfile.java:34)
at java.base/java.util.ArrayList.forEach(ArrayList.java:1596)
... Removed 31 stack frames]]>
    </failure>
  </testcase> <!-- login_TestCase -->
  <testcase classname="testCases.Testcase_03_DDT" name="verify_login" time="2.395"/>
  <testcase classname="testCases.Testcase_03_DDT" name="verify_login" time="11.607"/>
  <testcase classname="testCases.Testcase_03_DDT" name="verify_login" time="11.764"/>
  <testcase classname="testCases.Testcase_03_DDT" name="verify_login" time="11.964"/>
  <testcase classname="testCases.Testcase_03_DDT" name="verify_login" time="2.24"/>
</testsuite> <!-- Test -->
