<?xml version="1.0" encoding="UTF-8"?>
<!-- Generated by org.testng.reporters.JUnitXMLReporter -->
<testsuite ignored="0" hostname="DESKTOP-FP4L327" failures="0" tests="7" name="Test" time="2.995" errors="0" timestamp="2026-02-18T21:19:56 IST">
  <testcase classname="testBase.Baseclass" name="@BeforeClass Setup" time="-1.771429792428E9">
    <failure type="org.testng.TestNGException" message="
Parameter &amp;apos;os&amp;apos; is required by BeforeClass on method Setup but has not been marked @Optional or defined
in C:\Users\win 10\eclipse-workspace\SDET-HybridFrameWork\MasterSuitTestng1.xml">
      <![CDATA[org.testng.TestNGException: 
Parameter 'os' is required by BeforeClass on method Setup but has not been marked @Optional or defined
in C:\Users\win 10\eclipse-workspace\SDET-HybridFrameWork\MasterSuitTestng1.xml
at java.base/java.util.ArrayList.forEach(ArrayList.java:1596)
... Removed 22 stack frames]]>
    </failure>
  </testcase> <!-- @BeforeClass Setup -->
  <testcase classname="testBase.Baseclass" name="@AfterClass TearDown" time="0.0">
    <skipped/>
  </testcase> <!-- @AfterClass TearDown -->
  <testcase classname="testBase.Baseclass" name="@BeforeClass Setup" time="-1.771429792529E9">
    <failure type="org.testng.TestNGException" message="
Parameter &amp;apos;os&amp;apos; is required by BeforeClass on method Setup but has not been marked @Optional or defined
in C:\Users\win 10\eclipse-workspace\SDET-HybridFrameWork\MasterSuitTestng1.xml">
      <![CDATA[org.testng.TestNGException: 
Parameter 'os' is required by BeforeClass on method Setup but has not been marked @Optional or defined
in C:\Users\win 10\eclipse-workspace\SDET-HybridFrameWork\MasterSuitTestng1.xml
at java.base/java.util.ArrayList.forEach(ArrayList.java:1596)
... Removed 22 stack frames]]>
    </failure>
  </testcase> <!-- @BeforeClass Setup -->
  <testcase classname="testBase.Baseclass" name="@AfterClass TearDown" time="0.0">
    <skipped/>
  </testcase> <!-- @AfterClass TearDown -->
  <testcase classname="testBase.Baseclass" name="@BeforeClass Setup" time="-1.771429792553E9">
    <failure type="org.testng.TestNGException" message="
Parameter &amp;apos;os&amp;apos; is required by BeforeClass on method Setup but has not been marked @Optional or defined
in C:\Users\win 10\eclipse-workspace\SDET-HybridFrameWork\MasterSuitTestng1.xml">
      <![CDATA[org.testng.TestNGException: 
Parameter 'os' is required by BeforeClass on method Setup but has not been marked @Optional or defined
in C:\Users\win 10\eclipse-workspace\SDET-HybridFrameWork\MasterSuitTestng1.xml
at java.base/java.util.ArrayList.forEach(ArrayList.java:1596)
... Removed 22 stack frames]]>
    </failure>
  </testcase> <!-- @BeforeClass Setup -->
  <testcase classname="testBase.Baseclass" name="@AfterClass TearDown" time="0.0">
    <skipped/>
  </testcase> <!-- @AfterClass TearDown -->
  <testcase classname="testCases.TestCase_01" name="Registration_TestCase" time="0.0">
    <skipped/>
  </testcase> <!-- Registration_TestCase -->
  <testcase classname="testCases.TestCase_02_Propertiesfile" name="login_TestCase" time="0.0">
    <skipped/>
  </testcase> <!-- login_TestCase -->
  <testcase classname="testCases.Testcase_03_DDT" name="verify_login" time="0.0">
    <skipped/>
  </testcase> <!-- verify_login -->
  <testcase classname="testCases.Testcase_03_DDT" name="verify_login" time="0.0">
    <skipped/>
  </testcase> <!-- verify_login -->
  <testcase classname="testCases.Testcase_03_DDT" name="verify_login" time="0.001">
    <skipped/>
  </testcase> <!-- verify_login -->
  <testcase classname="testCases.Testcase_03_DDT" name="verify_login" time="0.0">
    <skipped/>
  </testcase> <!-- verify_login -->
  <testcase classname="testCases.Testcase_03_DDT" name="verify_login" time="0.0">
    <skipped/>
  </testcase> <!-- verify_login -->
</testsuite> <!-- Test -->
