<?xml version="1.0" encoding="UTF-8"?>
<!-- Generated by org.testng.reporters.JUnitXMLReporter -->
<testsuite ignored="0" hostname="DESKTOP-FP4L327" failures="1" tests="7" name="Test" time="103.58" errors="0" timestamp="2026-02-21T14:03:50 IST">
  <testcase classname="testCases.TestCase_01" name="Registration_TestCase" time="4.481"/>
  <testcase classname="testCases.TestCase_02_Propertiesfile" name="login_TestCase" time="11.307">
    <failure type="java.lang.AssertionError" message="Login fail expected [true] but found [false]">
      <![CDATA[java.lang.AssertionError: Login fail expected [true] but found [false]
at testCases.TestCase_02_Propertiesfile.login_TestCase(TestCase_02_Propertiesfile.java:34)
at java.base/java.util.ArrayList.forEach(ArrayList.java:1596)
... Removed 35 stack frames]]>
    </failure>
  </testcase> <!-- login_TestCase -->
  <testcase classname="testCases.Testcase_03_DDT" name="verify_login" time="2.714"/>
  <testcase classname="testCases.Testcase_03_DDT" name="verify_login" time="11.61"/>
  <testcase classname="testCases.Testcase_03_DDT" name="verify_login" time="12.123"/>
  <testcase classname="testCases.Testcase_03_DDT" name="verify_login" time="11.536"/>
  <testcase classname="testCases.Testcase_03_DDT" name="verify_login" time="2.299"/>
</testsuite> <!-- Test -->
