<?xml version="1.0" encoding="UTF-8"?>
<testng-results ignored="0" total="7" passed="6" failed="1" skipped="0">
  <reporter-output>
  </reporter-output>
  <suite started-at="2026-02-21T13:44:02 IST" name="Suite" finished-at="2026-02-21T13:45:37 IST" duration-ms="94751">
    <groups>
      <group name="datadriven">
        <method signature="Testcase_03_DDT.verify_login(java.lang.String,java.lang.String,java.lang.String)[pri:0, instance:testCases.Testcase_03_DDT@2250b9f2]" name="verify_login" class="testCases.Testcase_03_DDT"/>
      </group> <!-- datadriven -->
      <group name="regression">
        <method signature="TestCase_01.Registration_TestCase()[pri:0, instance:testCases.TestCase_01@5adb0db3]" name="Registration_TestCase" class="testCases.TestCase_01"/>
      </group> <!-- regression -->
      <group name="sanity">
        <method signature="TestCase_02_Propertiesfile.login_TestCase()[pri:0, instance:testCases.TestCase_02_Propertiesfile@5dcd8c7a]" name="login_TestCase" class="testCases.TestCase_02_Propertiesfile"/>
      </group> <!-- sanity -->
      <group name="master">
        <method signature="TestCase_01.Registration_TestCase()[pri:0, instance:testCases.TestCase_01@5adb0db3]" name="Registration_TestCase" class="testCases.TestCase_01"/>
        <method signature="TestCase_02_Propertiesfile.login_TestCase()[pri:0, instance:testCases.TestCase_02_Propertiesfile@5dcd8c7a]" name="login_TestCase" class="testCases.TestCase_02_Propertiesfile"/>
      </group> <!-- master -->
    </groups>
    <test started-at="2026-02-21T13:44:02 IST" name="Test" finished-at="2026-02-21T13:45:37 IST" duration-ms="94751">
      <class name="testCases.Testcase_03_DDT">
        <test-method is-config="true" signature="Setup(java.lang.String,java.lang.String)[pri:0, instance:testCases.Testcase_03_DDT@2250b9f2]" started-at="2026-02-21T13:44:45 IST" name="Setup" finished-at="2026-02-21T13:44:54 IST" duration-ms="9031" status="PASS">
          <params>
            <param index="0">
              <value>
                <![CDATA[windows]]>
              </value>
            </param>
            <param index="1">
              <value>
                <![CDATA[chrome]]>
              </value>
            </param>
          </params>
          <reporter-output>
          </reporter-output>
        </test-method> <!-- Setup -->
        <test-method signature="verify_login(java.lang.String,java.lang.String,java.lang.String)[pri:0, instance:testCases.Testcase_03_DDT@2250b9f2]" started-at="2026-02-21T13:44:57 IST" name="verify_login" data-provider="Login_Data" finished-at="2026-02-21T13:44:59 IST" duration-ms="2395" status="PASS">
          <params>
            <param index="0">
              <value>
                <![CDATA[xxxxyyyy@gmail.com]]>
              </value>
            </param>
            <param index="1">
              <value>
                <![CDATA[Nikita@278374]]>
              </value>
            </param>
            <param index="2">
              <value>
                <![CDATA[valid]]>
              </value>
            </param>
          </params>
          <reporter-output>
          </reporter-output>
        </test-method> <!-- verify_login -->
        <test-method signature="verify_login(java.lang.String,java.lang.String,java.lang.String)[pri:0, instance:testCases.Testcase_03_DDT@2250b9f2]" started-at="2026-02-21T13:44:59 IST" name="verify_login" data-provider="Login_Data" finished-at="2026-02-21T13:45:11 IST" duration-ms="11607" status="PASS">
          <params>
            <param index="0">
              <value>
                <![CDATA[lakshmi@yahoo.com]]>
              </value>
            </param>
            <param index="1">
              <value>
                <![CDATA[laxmi]]>
              </value>
            </param>
            <param index="2">
              <value>
                <![CDATA[invalid]]>
              </value>
            </param>
          </params>
          <reporter-output>
          </reporter-output>
        </test-method> <!-- verify_login -->
        <test-method signature="verify_login(java.lang.String,java.lang.String,java.lang.String)[pri:0, instance:testCases.Testcase_03_DDT@2250b9f2]" started-at="2026-02-21T13:45:11 IST" name="verify_login" data-provider="Login_Data" finished-at="2026-02-21T13:45:22 IST" duration-ms="11764" status="PASS">
          <params>
            <param index="0">
              <value>
                <![CDATA[laksh@yahoo.com]]>
              </value>
            </param>
            <param index="1">
              <value>
                <![CDATA[laksh]]>
              </value>
            </param>
            <param index="2">
              <value>
                <![CDATA[invalid]]>
              </value>
            </param>
          </params>
          <reporter-output>
          </reporter-output>
        </test-method> <!-- verify_login -->
        <test-method signature="verify_login(java.lang.String,java.lang.String,java.lang.String)[pri:0, instance:testCases.Testcase_03_DDT@2250b9f2]" started-at="2026-02-21T13:45:22 IST" name="verify_login" data-provider="Login_Data" finished-at="2026-02-21T13:45:34 IST" duration-ms="11964" status="PASS">
          <params>
            <param index="0">
              <value>
                <![CDATA[laki@yahoo.com]]>
              </value>
            </param>
            <param index="1">
              <value>
                <![CDATA[laki@234]]>
              </value>
            </param>
            <param index="2">
              <value>
                <![CDATA[invalid]]>
              </value>
            </param>
          </params>
          <reporter-output>
          </reporter-output>
        </test-method> <!-- verify_login -->
        <test-method signature="verify_login(java.lang.String,java.lang.String,java.lang.String)[pri:0, instance:testCases.Testcase_03_DDT@2250b9f2]" started-at="2026-02-21T13:45:34 IST" name="verify_login" data-provider="Login_Data" finished-at="2026-02-21T13:45:37 IST" duration-ms="2240" status="PASS">
          <params>
            <param index="0">
              <value>
                <![CDATA[vijidevi@gmail.com]]>
              </value>
            </param>
            <param index="1">
              <value>
                <![CDATA[VijiDevi@278374]]>
              </value>
            </param>
            <param index="2">
              <value>
                <![CDATA[valid]]>
              </value>
            </param>
          </params>
          <reporter-output>
          </reporter-output>
        </test-method> <!-- verify_login -->
        <test-method is-config="true" signature="TearDown()[pri:0, instance:testCases.Testcase_03_DDT@2250b9f2]" started-at="2026-02-21T13:45:37 IST" name="TearDown" finished-at="2026-02-21T13:45:37 IST" duration-ms="469" status="PASS">
          <reporter-output>
          </reporter-output>
        </test-method> <!-- TearDown -->
      </class> <!-- testCases.Testcase_03_DDT -->
      <class name="testCases.TestCase_01">
        <test-method is-config="true" signature="Setup(java.lang.String,java.lang.String)[pri:0, instance:testCases.TestCase_01@5adb0db3]" started-at="2026-02-21T13:44:03 IST" name="Setup" finished-at="2026-02-21T13:44:17 IST" duration-ms="13981" status="PASS">
          <params>
            <param index="0">
              <value>
                <![CDATA[windows]]>
              </value>
            </param>
            <param index="1">
              <value>
                <![CDATA[chrome]]>
              </value>
            </param>
          </params>
          <reporter-output>
          </reporter-output>
        </test-method> <!-- Setup -->
        <test-method signature="Registration_TestCase()[pri:0, instance:testCases.TestCase_01@5adb0db3]" started-at="2026-02-21T13:44:17 IST" name="Registration_TestCase" finished-at="2026-02-21T13:44:22 IST" duration-ms="5177" status="PASS">
          <reporter-output>
          </reporter-output>
        </test-method> <!-- Registration_TestCase -->
        <test-method is-config="true" signature="TearDown()[pri:0, instance:testCases.TestCase_01@5adb0db3]" started-at="2026-02-21T13:44:22 IST" name="TearDown" finished-at="2026-02-21T13:44:23 IST" duration-ms="538" status="PASS">
          <reporter-output>
          </reporter-output>
        </test-method> <!-- TearDown -->
      </class> <!-- testCases.TestCase_01 -->
      <class name="testCases.TestCase_02_Propertiesfile">
        <test-method is-config="true" signature="Setup(java.lang.String,java.lang.String)[pri:0, instance:testCases.TestCase_02_Propertiesfile@5dcd8c7a]" started-at="2026-02-21T13:44:23 IST" name="Setup" finished-at="2026-02-21T13:44:32 IST" duration-ms="9846" status="PASS">
          <params>
            <param index="0">
              <value>
                <![CDATA[windows]]>
              </value>
            </param>
            <param index="1">
              <value>
                <![CDATA[chrome]]>
              </value>
            </param>
          </params>
          <reporter-output>
          </reporter-output>
        </test-method> <!-- Setup -->
        <test-method signature="login_TestCase()[pri:0, instance:testCases.TestCase_02_Propertiesfile@5dcd8c7a]" started-at="2026-02-21T13:44:32 IST" name="login_TestCase" finished-at="2026-02-21T13:44:44 IST" duration-ms="11428" status="FAIL">
          <exception class="java.lang.AssertionError">
            <message>
              <![CDATA[Login fail expected [true] but found [false]]]>
            </message>
            <full-stacktrace>
              <![CDATA[java.lang.AssertionError: Login fail expected [true] but found [false]
at org.testng.Assert.fail(Assert.java:111)
at org.testng.Assert.failNotEquals(Assert.java:1590)
at org.testng.Assert.assertEqualsImpl(Assert.java:150)
at org.testng.Assert.assertEquals(Assert.java:132)
at org.testng.Assert.assertEquals(Assert.java:1079)
at org.testng.Assert.assertEquals(Assert.java:1043)
at testCases.TestCase_02_Propertiesfile.login_TestCase(TestCase_02_Propertiesfile.java:34)
at java.base/jdk.internal.reflect.DirectMethodHandleAccessor.invoke(DirectMethodHandleAccessor.java:103)
at java.base/java.lang.reflect.Method.invoke(Method.java:580)
at org.testng.internal.invokers.MethodInvocationHelper.invokeMethod(MethodInvocationHelper.java:141)
at org.testng.internal.invokers.TestInvoker.invokeMethod(TestInvoker.java:687)
at org.testng.internal.invokers.TestInvoker.invokeTestMethod(TestInvoker.java:230)
at org.testng.internal.invokers.MethodRunner.runInSequence(MethodRunner.java:63)
at org.testng.internal.invokers.TestInvoker$MethodInvocationAgent.invoke(TestInvoker.java:995)
at org.testng.internal.invokers.TestInvoker.invokeTestMethods(TestInvoker.java:203)
at org.testng.internal.invokers.TestMethodWorker.invokeTestMethods(TestMethodWorker.java:154)
at org.testng.internal.invokers.TestMethodWorker.run(TestMethodWorker.java:134)
at java.base/java.util.ArrayList.forEach(ArrayList.java:1596)
at org.testng.TestRunner.privateRun(TestRunner.java:741)
at org.testng.TestRunner.run(TestRunner.java:616)
at org.testng.SuiteRunner.runTest(SuiteRunner.java:421)
at org.testng.SuiteRunner.runSequentially(SuiteRunner.java:413)
at org.testng.SuiteRunner.privateRun(SuiteRunner.java:373)
at org.testng.SuiteRunner.run(SuiteRunner.java:312)
at org.testng.SuiteRunnerWorker.runSuite(SuiteRunnerWorker.java:52)
at org.testng.SuiteRunnerWorker.run(SuiteRunnerWorker.java:95)
at org.testng.TestNG.runSuitesSequentially(TestNG.java:1274)
at org.testng.TestNG.runSuitesLocally(TestNG.java:1208)
at org.testng.TestNG.runSuites(TestNG.java:1112)
at org.testng.TestNG.run(TestNG.java:1079)
at org.testng.remote.AbstractRemoteTestNG.run(AbstractRemoteTestNG.java:115)
at org.testng.remote.RemoteTestNG.initAndRun(RemoteTestNG.java:293)
at org.testng.remote.RemoteTestNG.main(RemoteTestNG.java:91)
]]>
            </full-stacktrace>
          </exception> <!-- java.lang.AssertionError -->
          <reporter-output>
          </reporter-output>
        </test-method> <!-- login_TestCase -->
        <test-method is-config="true" signature="TearDown()[pri:0, instance:testCases.TestCase_02_Propertiesfile@5dcd8c7a]" started-at="2026-02-21T13:44:44 IST" name="TearDown" finished-at="2026-02-21T13:44:45 IST" duration-ms="490" status="PASS">
          <reporter-output>
          </reporter-output>
        </test-method> <!-- TearDown -->
      </class> <!-- testCases.TestCase_02_Propertiesfile -->
    </test> <!-- Test -->
  </suite> <!-- Suite -->
</testng-results>
