<?xml version="1.0" encoding="UTF-8"?>
<!-- Generated by org.testng.reporters.JUnitReportReporter -->
<testsuite hostname="DESKTOP-FP4L327" failures="0" tests="5" name="testCases.Testcase_03_DDT" time="39.970" errors="0" timestamp="2026-02-21T13:45:40 IST" skipped="0">
  <testcase classname="testCases.Testcase_03_DDT" name="verify_login" time="11.764"/>
  <testcase classname="testCases.Testcase_03_DDT" name="verify_login" time="2.395"/>
  <testcase classname="testCases.Testcase_03_DDT" name="verify_login" time="2.240"/>
  <testcase classname="testCases.Testcase_03_DDT" name="verify_login" time="11.964"/>
  <testcase classname="testCases.Testcase_03_DDT" name="verify_login" time="11.607"/>
</testsuite> <!-- testCases.Testcase_03_DDT -->
