<?xml version="1.0" encoding="UTF-8"?>
<!-- Generated by org.testng.reporters.JUnitReportReporter -->
<testsuite hostname="DESKTOP-FP4L327" failures="0" tests="5" name="testCases.DDTestcase_03" time="45.136" errors="0" timestamp="2025-06-20T17:05:45 IST" skipped="0">
  <testcase classname="testCases.DDTestcase_03" name="verify_login" time="13.569"/>
  <testcase classname="testCases.DDTestcase_03" name="verify_login" time="2.831"/>
  <testcase classname="testCases.DDTestcase_03" name="verify_login" time="4.500"/>
  <testcase classname="testCases.DDTestcase_03" name="verify_login" time="12.044"/>
  <testcase classname="testCases.DDTestcase_03" name="verify_login" time="12.192"/>
</testsuite> <!-- testCases.DDTestcase_03 -->
