<?xml version="1.0" encoding="UTF-8"?>
<!-- Generated by org.testng.reporters.JUnitReportReporter -->
<testsuite hostname="DESKTOP-FP4L327" failures="0" tests="5" name="testCases.Testcase_03_DDT" time="40.282" errors="0" timestamp="2026-02-21T14:03:50 IST" skipped="0">
  <testcase classname="testCases.Testcase_03_DDT" name="verify_login" time="2.299"/>
  <testcase classname="testCases.Testcase_03_DDT" name="verify_login" time="2.714"/>
  <testcase classname="testCases.Testcase_03_DDT" name="verify_login" time="11.536"/>
  <testcase classname="testCases.Testcase_03_DDT" name="verify_login" time="12.123"/>
  <testcase classname="testCases.Testcase_03_DDT" name="verify_login" time="11.610"/>
</testsuite> <!-- testCases.Testcase_03_DDT -->
